#
# There is insufficient memory for the Java Runtime Environment to continue.
# Native memory allocation (malloc) failed to allocate 1048576 bytes for AllocateHeap
# Possible reasons:
#   The system is out of physical RAM or swap space
#   In 32 bit mode, the process size limit was hit
# Possible solutions:
#   Reduce memory load on the system
#   Increase physical memory or swap space
#   Check if swap backing store is full
#   Use 64 bit Java on a 64 bit OS
#   Decrease Java heap size (-Xmx/-Xms)
#   Decrease number of Java threads
#   Decrease Java thread stack sizes (-Xss)
#   Set larger code cache with -XX:ReservedCodeCacheSize=
# This output file may be truncated or incomplete.
#
#  Out of Memory Error (memory/allocation.inline.hpp:61), pid=15712, tid=0x0000000000003f98
#
# JRE version:  (8.0_144-b01) (build )
# Java VM: Java HotSpot(TM) 64-Bit Server VM (25.144-b01 mixed mode windows-amd64 compressed oops)
# Failed to write core dump. Minidumps are not enabled by default on client versions of Windows
#

---------------  T H R E A D  ---------------

Current thread (0x000000000149e800):  JavaThread "Unknown thread" [_thread_in_vm, id=16280, stack(0x0000000002cb0000,0x0000000002db0000)]

Stack: [0x0000000002cb0000,0x0000000002db0000]
[error occurred during error reporting (printing stack bounds), id 0xc0000005]

Native frames: (J=compiled Java code, j=interpreted, Vv=VM code, C=native code)


---------------  P R O C E S S  ---------------

Java Threads: ( => current thread )

Other Threads:

=>0x000000000149e800 (exited) JavaThread "Unknown thread" [_thread_in_vm, id=16280, stack(0x0000000002cb0000,0x0000000002db0000)]

VM state:not at safepoint (normal execution)

VM Mutex/Monitor currently owned by a thread: None

Heap:
 PSYoungGen      total 38400K, used 665K [0x00000000d5d00000, 0x00000000d8780000, 0x0000000100000000)
  eden space 33280K, 2% used [0x00000000d5d00000,0x00000000d5da6670,0x00000000d7d80000)
  from space 5120K, 0% used [0x00000000d8280000,0x00000000d8280000,0x00000000d8780000)
  to   space 5120K, 0% used [0x00000000d7d80000,0x00000000d7d80000,0x00000000d8280000)
 ParOldGen       total 87552K, used 0K [0x0000000081600000, 0x0000000086b80000, 0x00000000d5d00000)
  object space 87552K, 0% used [0x0000000081600000,0x0000000081600000,0x0000000086b80000)
 Metaspace       used 770K, capacity 4480K, committed 4480K, reserved 1056768K
  class space    used 75K, capacity 384K, committed 384K, reserved 1048576K

Card table byte_map: [0x00000000122b0000,0x00000000126b0000] byte_map_base: 0x0000000011ea5000

Marking Bits: (ParMarkBitMap*) 0x000000007583d850
 Begin Bits: [0x0000000012d60000, 0x0000000014d08000)
 End Bits:   [0x0000000014d08000, 0x0000000016cb0000)

Polling page: 0x0000000001430000

CodeCache: size=245760Kb used=328Kb max_used=328Kb free=245431Kb
 bounds [0x0000000002ef0000, 0x0000000003160000, 0x0000000011ef0000]
 total_blobs=58 nmethods=0 adapters=38
 compilation: enabled

Compilation events (0 events):
No events

GC Heap History (0 events):
No events

Deoptimization events (0 events):
No events

Internal exceptions (0 events):
No events

Events (10 events):
Event: 0.032 loading class java/lang/Short
Event: 0.032 loading class java/lang/Short done
Event: 0.032 loading class java/lang/Integer
Event: 0.032 loading class java/lang/Integer done
Event: 0.032 loading class java/lang/Long
Event: 0.032 loading class java/lang/Long done
Event: 0.033 loading class java/lang/NullPointerException
Event: 0.033 loading class java/lang/NullPointerException done
Event: 0.033 loading class java/lang/ArithmeticException
Event: 0.033 loading class java/lang/ArithmeticException done


Dynamic libraries:
0x00007ff79d540000 - 0x00007ff79d577000 	C:\Program Files\Java\jdk1.8.0_144\jre\bin\java.exe
0x00007ffd48980000 - 0x00007ffd48b70000 	C:\WINDOWS\SYSTEM32\ntdll.dll
0x00007ffd46c90000 - 0x00007ffd46d42000 	C:\WINDOWS\System32\KERNEL32.DLL
0x00007ffd46680000 - 0x00007ffd46923000 	C:\WINDOWS\System32\KERNELBASE.dll
0x00007ffd48250000 - 0x00007ffd482f3000 	C:\WINDOWS\System32\ADVAPI32.dll
0x00007ffd46bf0000 - 0x00007ffd46c8e000 	C:\WINDOWS\System32\msvcrt.dll
0x00007ffd48400000 - 0x00007ffd48497000 	C:\WINDOWS\System32\sechost.dll
0x00007ffd48010000 - 0x00007ffd48130000 	C:\WINDOWS\System32\RPCRT4.dll
0x00007ffd474f0000 - 0x00007ffd47684000 	C:\WINDOWS\System32\USER32.dll
0x00007ffd45a10000 - 0x00007ffd45a31000 	C:\WINDOWS\System32\win32u.dll
0x00007ffd473f0000 - 0x00007ffd47416000 	C:\WINDOWS\System32\GDI32.dll
0x00007ffd464e0000 - 0x00007ffd46674000 	C:\WINDOWS\System32\gdi32full.dll
0x00007ffd46990000 - 0x00007ffd46a2e000 	C:\WINDOWS\System32\msvcp_win.dll
0x00007ffd45910000 - 0x00007ffd45a0a000 	C:\WINDOWS\System32\ucrtbase.dll
0x00007ffd390a0000 - 0x00007ffd39325000 	C:\WINDOWS\WinSxS\amd64_microsoft.windows.common-controls_6595b64144ccf1df_6.0.18362.476_none_e6c4b11b130f2595\COMCTL32.dll
0x00007ffd484a0000 - 0x00007ffd487d6000 	C:\WINDOWS\System32\combase.dll
0x00007ffd45af0000 - 0x00007ffd45b70000 	C:\WINDOWS\System32\bcryptPrimitives.dll
0x00007ffd48910000 - 0x00007ffd4893e000 	C:\WINDOWS\System32\IMM32.DLL
0x0000000076370000 - 0x0000000076442000 	C:\Program Files\Java\jdk1.8.0_144\jre\bin\msvcr100.dll
0x0000000075020000 - 0x00000000758bd000 	C:\Program Files\Java\jdk1.8.0_144\jre\bin\server\jvm.dll
0x00007ffd483f0000 - 0x00007ffd483f8000 	C:\WINDOWS\System32\PSAPI.DLL
0x00007ffd2d4c0000 - 0x00007ffd2d4c9000 	C:\WINDOWS\SYSTEM32\WSOCK32.dll
0x00007ffd42510000 - 0x00007ffd42534000 	C:\WINDOWS\SYSTEM32\WINMM.dll
0x00007ffd48130000 - 0x00007ffd4819f000 	C:\WINDOWS\System32\WS2_32.dll
0x00007ffd3b580000 - 0x00007ffd3b58a000 	C:\WINDOWS\SYSTEM32\VERSION.dll
0x00007ffd424e0000 - 0x00007ffd4250d000 	C:\WINDOWS\SYSTEM32\winmmbase.dll
0x00007ffd46470000 - 0x00007ffd464ba000 	C:\WINDOWS\System32\cfgmgr32.dll
0x0000000076360000 - 0x000000007636f000 	C:\Program Files\Java\jdk1.8.0_144\jre\bin\verify.dll
0x0000000076330000 - 0x0000000076359000 	C:\Program Files\Java\jdk1.8.0_144\jre\bin\java.dll
0x0000000075000000 - 0x0000000075016000 	C:\Program Files\Java\jdk1.8.0_144\jre\bin\zip.dll

VM Arguments:
java_command: it.unibo.ai.didattica.competition.tablut.client.TablutRandomBlackClient
java_class_path (initial): C:\Users\andre\Desktop\Tablut\IA_Tablut\Tablut\lib\gson-2.2.2.jar;C:\Users\andre\Desktop\Tablut\IA_Tablut\Tablut\build
Launcher Type: SUN_STANDARD

Environment Variables:
JAVA_HOME=C:\Program Files\Java\jdk1.8.0_144
PATH=C:\Program Files (x86)\Intel\iCLS Client\;C:\Program Files\Intel\iCLS Client\;C:\ProgramData\Oracle\Java\javapath;C:\WINDOWS\system32;C:\WINDOWS;C:\WINDOWS\System32\Wbem;C:\WINDOWS\System32\WindowsPowerShell\v1.0\;C:\Program Files\Java\jdk1.8.0_144\bin;C:\Program Files\Microsoft SQL Server\130\Tools\Binn\;C:\Program Files\Git\cmd;C:\Program Files (x86)\Intel\Intel(R) Management Engine Components\DAL;C:\Program Files\Intel\Intel(R) Management Engine Components\DAL;C:\Program Files (x86)\Intel\Intel(R) Management Engine Components\IPT;C:\Program Files\Intel\Intel(R) Management Engine Components\IPT;C:\Program Files\Microsoft SQL Server\Client SDK\ODBC\130\Tools\Binn\;C:\Program Files (x86)\Microsoft SQL Server\140\Tools\Binn\;C:\Program Files\Microsoft SQL Server\140\Tools\Binn\;C:\Program Files\Microsoft SQL Server\140\DTS\Binn\;C:\Program Files (x86)\Microsoft SQL Server\Client SDK\ODBC\130\Tools\Binn\;C:\Program Files (x86)\Microsoft SQL Server\140\DTS\Binn\;C:\Program Files (x86)\Microsoft SQL Server\140\Tools\Binn\ManagementStudio\;C:\WINDOWS\System32\OpenSSH\;C:\Program Files\dotnet\;C:\Program Files (x86)\National Instruments\Shared\LabVIEW CLI;C:\Program Files\PuTTY\;C:\apache-ant-1.10.7\bin\;C:\Users\andre\Anaconda3;C:\Users\andre\Anaconda3\Library\mingw-w64\bin;C:\Users\andre\Anaconda3\Library\usr\bin;C:\Users\andre\Anaconda3\Library\bin;C:\Users\andre\Anaconda3\Scripts;C:\Users\andre\AppData\Local\Microsoft\WindowsApps;C:\Users\andre\AppData\Local\Microsoft\WindowsApps;C:\Users\andre\AppData\Local\Programs\Python\Python37;C:\Users\andre\AppData\Local\Programs\Python\Python37\Scripts;C:\Users\andre\Anaconda3\pkgs\qt-5.9.7-vc14h73c81de_0\Library\bin;C:\Users\andre\AppData\Local\Programs\Python\Python37\Scripts\phantomjs-2.1.1-windows\bin
USERNAME=andre
OS=Windows_NT
PROCESSOR_IDENTIFIER=Intel64 Family 6 Model 61 Stepping 4, GenuineIntel



---------------  S Y S T E M  ---------------

OS: Windows 10.0 , 64 bit Build 18362 (10.0.18362.329)

CPU:total 4 (initial active 4) (2 cores per cpu, 2 threads per core) family 6 model 61 stepping 4, cmov, cx8, fxsr, mmx, sse, sse2, sse3, ssse3, sse4.1, sse4.2, popcnt, avx, avx2, aes, clmul, erms, 3dnowpref, lzcnt, ht, tsc, tscinvbit, bmi1, bmi2, adx

Memory: 4k page, physical 8297880k(2343720k free), swap 9346456k(6036k free)

vm_info: Java HotSpot(TM) 64-Bit Server VM (25.144-b01) for windows-amd64 JRE (1.8.0_144-b01), built on Jul 21 2017 21:57:33 by "java_re" with MS VC++ 10.0 (VS2010)

time: Wed Nov 20 21:50:19 2019
elapsed time: 0 seconds (0d 0h 0m 0s)

